11:24:27 INFO  : Registering command handlers for SDK TCF services
11:24:28 INFO  : Launching XSCT server: xsct.bat -interactive F:\intel_project\AX7010\11_ad9280_dma_hdmi\ad9280_dma_hdmi.sdk\temp_xsdb_launch_script.tcl
11:24:30 INFO  : XSCT server has started successfully.
11:24:31 INFO  : Successfully done setting XSCT server connection channel  
11:24:31 INFO  : Successfully done setting SDK workspace  
11:24:31 INFO  : Processing command line option -hwspec F:/intel_project/AX7010/11_ad9280_dma_hdmi/ad9280_dma_hdmi.sdk/design_1_wrapper.hdf.
11:26:14 INFO  : Connected to target on host '127.0.0.1' and port '3121'.
11:26:14 INFO  : Jtag cable 'Digilent JTAG-HS1 210512180081' is selected.
11:26:14 INFO  : 'jtag frequency' command is executed.
11:26:14 INFO  : Sourcing of 'F:/intel_project/AX7010/11_ad9280_dma_hdmi/ad9280_dma_hdmi.sdk/design_1_wrapper_hw_platform_0/ps7_init.tcl' is done.
11:26:14 INFO  : Context for 'APU' is selected.
11:26:15 INFO  : System reset is completed.
11:26:18 INFO  : 'after 3000' command is executed.
11:26:18 INFO  : 'targets -set -filter {jtag_cable_name =~ "Digilent JTAG-HS1 210512180081" && level==0} -index 1' command is executed.
11:26:19 INFO  : FPGA configured successfully with bitstream "F:/intel_project/AX7010/11_ad9280_dma_hdmi/ad9280_dma_hdmi.sdk/design_1_wrapper_hw_platform_0/design_1_wrapper.bit"
11:26:19 INFO  : Context for 'APU' is selected.
11:26:20 INFO  : Hardware design information is loaded from 'F:/intel_project/AX7010/11_ad9280_dma_hdmi/ad9280_dma_hdmi.sdk/design_1_wrapper_hw_platform_0/system.hdf'.
11:26:20 INFO  : 'configparams force-mem-access 1' command is executed.
11:26:20 INFO  : Context for 'APU' is selected.
11:26:20 INFO  : 'ps7_init' command is executed.
11:26:20 INFO  : 'ps7_post_config' command is executed.
11:26:20 INFO  : Context for processor 'ps7_cortexa9_0' is selected.
11:26:20 INFO  : The application 'F:/intel_project/AX7010/11_ad9280_dma_hdmi/ad9280_dma_hdmi.sdk/dma_ad/Debug/dma_ad.elf' is downloaded to processor 'ps7_cortexa9_0'.
11:26:20 INFO  : 'configparams force-mem-access 0' command is executed.
11:26:20 INFO  : ----------------XSDB Script----------------
connect -url tcp:127.0.0.1:3121
source F:/intel_project/AX7010/11_ad9280_dma_hdmi/ad9280_dma_hdmi.sdk/design_1_wrapper_hw_platform_0/ps7_init.tcl
targets -set -nocase -filter {name =~"APU*" && jtag_cable_name =~ "Digilent JTAG-HS1 210512180081"} -index 0
rst -system
after 3000
targets -set -filter {jtag_cable_name =~ "Digilent JTAG-HS1 210512180081" && level==0} -index 1
fpga -file F:/intel_project/AX7010/11_ad9280_dma_hdmi/ad9280_dma_hdmi.sdk/design_1_wrapper_hw_platform_0/design_1_wrapper.bit
targets -set -nocase -filter {name =~"APU*" && jtag_cable_name =~ "Digilent JTAG-HS1 210512180081"} -index 0
loadhw -hw F:/intel_project/AX7010/11_ad9280_dma_hdmi/ad9280_dma_hdmi.sdk/design_1_wrapper_hw_platform_0/system.hdf -mem-ranges [list {0x40000000 0xbfffffff}]
configparams force-mem-access 1
targets -set -nocase -filter {name =~"APU*" && jtag_cable_name =~ "Digilent JTAG-HS1 210512180081"} -index 0
ps7_init
ps7_post_config
targets -set -nocase -filter {name =~ "ARM*#0" && jtag_cable_name =~ "Digilent JTAG-HS1 210512180081"} -index 0
dow F:/intel_project/AX7010/11_ad9280_dma_hdmi/ad9280_dma_hdmi.sdk/dma_ad/Debug/dma_ad.elf
configparams force-mem-access 0
----------------End of Script----------------

11:26:20 INFO  : Memory regions updated for context APU
11:26:20 INFO  : Context for processor 'ps7_cortexa9_0' is selected.
11:26:20 INFO  : 'con' command is executed.
11:26:20 INFO  : ----------------XSDB Script (After Launch)----------------
targets -set -nocase -filter {name =~ "ARM*#0" && jtag_cable_name =~ "Digilent JTAG-HS1 210512180081"} -index 0
con
----------------End of Script----------------

11:26:20 INFO  : Launch script is exported to file 'F:\intel_project\AX7010\11_ad9280_dma_hdmi\ad9280_dma_hdmi.sdk\.sdk\launch_scripts\xilinx_c-c++_application_(system_debugger)\system_debugger_using_debug_dma_ad.elf_on_local.tcl'
11:28:03 INFO  : Invoking Bootgen: bootgen -image dma_ad.bif -arch zynq -o F:\intel_project\AX7010\11_ad9280_dma_hdmi\bootimage\BOOT.bin -w on
11:28:03 INFO  : Overwriting existing bif file F:\intel_project\AX7010\11_ad9280_dma_hdmi\bootimage\dma_ad.bif
11:28:04 INFO  : Bootgen command execution is done.
11:28:11 INFO  : Disconnected from the channel tcfchan#1.
18:48:25 INFO  : Launching XSCT server: xsct.bat -interactive F:\intel_project\AX7010\11_ad9280_dma_hdmi\ad9280_dma_hdmi.sdk\temp_xsdb_launch_script.tcl
18:48:27 INFO  : XSCT server has started successfully.
18:48:27 INFO  : Successfully done setting XSCT server connection channel  
18:48:28 INFO  : Successfully done setting SDK workspace  
18:48:33 INFO  : Registering command handlers for SDK TCF services
18:48:33 INFO  : Processing command line option -hwspec F:/intel_project/AX7010/11_ad9280_dma_hdmi/ad9280_dma_hdmi.sdk/design_1_wrapper.hdf.
18:48:34 INFO  : Checking for hwspec changes in the project design_1_wrapper_hw_platform_0.
19:01:21 INFO  : Connected to target on host '127.0.0.1' and port '3121'.
19:01:22 INFO  : Jtag cable 'Digilent JTAG-HS1 210512180081' is selected.
19:01:22 INFO  : 'jtag frequency' command is executed.
19:01:22 INFO  : Sourcing of 'F:/intel_project/AX7010/11_ad9280_dma_hdmi/ad9280_dma_hdmi.sdk/design_1_wrapper_hw_platform_0/ps7_init.tcl' is done.
19:01:22 INFO  : Context for 'APU' is selected.
19:01:22 INFO  : System reset is completed.
19:01:25 INFO  : 'after 3000' command is executed.
19:01:25 INFO  : 'targets -set -filter {jtag_cable_name =~ "Digilent JTAG-HS1 210512180081" && level==0} -index 1' command is executed.
19:01:27 INFO  : FPGA configured successfully with bitstream "F:/intel_project/AX7010/11_ad9280_dma_hdmi/ad9280_dma_hdmi.sdk/design_1_wrapper_hw_platform_0/design_1_wrapper.bit"
19:01:27 INFO  : Context for 'APU' is selected.
19:01:27 INFO  : Hardware design information is loaded from 'F:/intel_project/AX7010/11_ad9280_dma_hdmi/ad9280_dma_hdmi.sdk/design_1_wrapper_hw_platform_0/system.hdf'.
19:01:27 INFO  : 'configparams force-mem-access 1' command is executed.
19:01:27 INFO  : Context for 'APU' is selected.
19:01:27 INFO  : 'ps7_init' command is executed.
19:01:27 INFO  : 'ps7_post_config' command is executed.
19:01:27 INFO  : Context for processor 'ps7_cortexa9_0' is selected.
19:01:28 INFO  : The application 'F:/intel_project/AX7010/11_ad9280_dma_hdmi/ad9280_dma_hdmi.sdk/dma_ad/Debug/dma_ad.elf' is downloaded to processor 'ps7_cortexa9_0'.
19:01:28 INFO  : 'configparams force-mem-access 0' command is executed.
19:01:28 INFO  : ----------------XSDB Script----------------
connect -url tcp:127.0.0.1:3121
source F:/intel_project/AX7010/11_ad9280_dma_hdmi/ad9280_dma_hdmi.sdk/design_1_wrapper_hw_platform_0/ps7_init.tcl
targets -set -nocase -filter {name =~"APU*" && jtag_cable_name =~ "Digilent JTAG-HS1 210512180081"} -index 0
rst -system
after 3000
targets -set -filter {jtag_cable_name =~ "Digilent JTAG-HS1 210512180081" && level==0} -index 1
fpga -file F:/intel_project/AX7010/11_ad9280_dma_hdmi/ad9280_dma_hdmi.sdk/design_1_wrapper_hw_platform_0/design_1_wrapper.bit
targets -set -nocase -filter {name =~"APU*" && jtag_cable_name =~ "Digilent JTAG-HS1 210512180081"} -index 0
loadhw -hw F:/intel_project/AX7010/11_ad9280_dma_hdmi/ad9280_dma_hdmi.sdk/design_1_wrapper_hw_platform_0/system.hdf -mem-ranges [list {0x40000000 0xbfffffff}]
configparams force-mem-access 1
targets -set -nocase -filter {name =~"APU*" && jtag_cable_name =~ "Digilent JTAG-HS1 210512180081"} -index 0
ps7_init
ps7_post_config
targets -set -nocase -filter {name =~ "ARM*#0" && jtag_cable_name =~ "Digilent JTAG-HS1 210512180081"} -index 0
dow F:/intel_project/AX7010/11_ad9280_dma_hdmi/ad9280_dma_hdmi.sdk/dma_ad/Debug/dma_ad.elf
configparams force-mem-access 0
----------------End of Script----------------

19:01:28 INFO  : Memory regions updated for context APU
19:01:28 INFO  : Context for processor 'ps7_cortexa9_0' is selected.
19:01:28 INFO  : 'con' command is executed.
19:01:28 INFO  : ----------------XSDB Script (After Launch)----------------
targets -set -nocase -filter {name =~ "ARM*#0" && jtag_cable_name =~ "Digilent JTAG-HS1 210512180081"} -index 0
con
----------------End of Script----------------

19:01:28 INFO  : Launch script is exported to file 'F:\intel_project\AX7010\11_ad9280_dma_hdmi\ad9280_dma_hdmi.sdk\.sdk\launch_scripts\xilinx_c-c++_application_(system_debugger)\system_debugger_using_debug_dma_ad.elf_on_local.tcl'
19:02:08 INFO  : Invoking Bootgen: bootgen -image dma_ad.bif -arch zynq -o F:\intel_project\AX7010\11_ad9280_dma_hdmi\bootimage\BOOT.bin -w on
19:02:08 INFO  : Overwriting existing bif file F:\intel_project\AX7010\11_ad9280_dma_hdmi\bootimage\dma_ad.bif
19:02:09 INFO  : Bootgen command execution is done.
19:02:17 INFO  : Disconnected from the channel tcfchan#1.
07:43:56 INFO  : Launching XSCT server: xsct.bat -interactive C:\Users\HAMAHANG\Desktop\sut\S6\FPGA\Project\vivado\project_1\project_1.sdk\temp_xsdb_launch_script.tcl
07:43:59 INFO  : XSCT server has started successfully.
07:44:06 INFO  : Successfully done setting XSCT server connection channel  
07:44:06 INFO  : Successfully done setting SDK workspace  
07:44:08 INFO  : Registering command handlers for SDK TCF services
07:44:09 INFO  : Processing command line option -hwspec C:/Users/HAMAHANG/Desktop/sut/S6/FPGA/Project/vivado/project_1/project_1.sdk/design_1_wrapper.hdf.
07:52:41 INFO  : Launching XSCT server: xsct.bat -interactive C:\Users\HAMAHANG\Desktop\sut\S6\FPGA\Project\vivado\project_1\project_1.sdk\temp_xsdb_launch_script.tcl
07:52:43 INFO  : XSCT server has started successfully.
07:52:45 INFO  : Successfully done setting XSCT server connection channel  
07:52:45 INFO  : Successfully done setting SDK workspace  
07:52:47 INFO  : Registering command handlers for SDK TCF services
07:52:48 INFO  : Processing command line option -hwspec C:/Users/HAMAHANG/Desktop/sut/S6/FPGA/Project/vivado/project_1/project_1.sdk/design_1_wrapper.hdf.
07:52:48 INFO  : Checking for hwspec changes in the project design_1_wrapper_hw_platform_1.
